<?xml version="1.0" encoding="UTF-8"?>
<!-- Generated by org.testng.reporters.JUnitReportReporter -->
<testsuite skipped="0" hostname="cl1" name="com.TestCases.Tc_02_RegisterNewUser" tests="1" failures="0" timestamp="27 May 2019 05:14:58 GMT" time="50.849" errors="0">
  <testcase name="Tc_01_ValidateLoginCredentials" time="50.849" classname="com.TestCases.Tc_02_RegisterNewUser"/>
</testsuite> <!-- com.TestCases.Tc_02_RegisterNewUser -->
