<?xml version="1.0" encoding="UTF-8"?>
<!-- Generated by org.testng.reporters.JUnitReportReporter -->
<testsuite skipped="0" hostname="LAPTOP-S1LVCJIH" name="com.TestCases.Tc_01_ValidateLoginCredentials" tests="1" failures="0" timestamp="06 Jan 2018 02:43:46 GMT" time="27.698" errors="0">
  <testcase name="Tc_01_ValidateLoginCredentials" time="27.698" classname="com.TestCases.Tc_01_ValidateLoginCredentials"/>
</testsuite> <!-- com.TestCases.Tc_01_ValidateLoginCredentials -->
