<?xml version="1.0" encoding="UTF-8"?>
<!-- Generated by org.testng.reporters.JUnitReportReporter -->
<testsuite skipped="0" hostname="cl1" name="com.TestCases.Tc_01_ValidateLoginCredentials" tests="1" failures="0" timestamp="24 May 2019 04:10:43 GMT" time="29.174" errors="0">
  <testcase name="Tc_01_ValidateLoginCredentials" time="29.174" classname="com.TestCases.Tc_01_ValidateLoginCredentials"/>
</testsuite> <!-- com.TestCases.Tc_01_ValidateLoginCredentials -->
